This is pdfTeX, Version 3.1415926-2.4-1.40.13 (TeX Live 2012) (format=pdflatex 2012.6.30)  15 NOV 2012 23:26
entering extended mode
 restricted \write18 enabled.
 %&-line parsing enabled.
**thesis.tex
(./thesis.tex
LaTeX2e <2011/06/27>
Babel <v3.8m> and hyphenation patterns for english, dumylang, nohyphenation, ge
rman-x-2012-05-30, ngerman-x-2012-05-30, afrikaans, ancientgreek, ibycus, arabi
c, armenian, basque, bulgarian, catalan, pinyin, coptic, croatian, czech, danis
h, dutch, ukenglish, usenglishmax, esperanto, estonian, ethiopic, farsi, finnis
h, french, friulan, galician, german, ngerman, swissgerman, monogreek, greek, h
ungarian, icelandic, assamese, bengali, gujarati, hindi, kannada, malayalam, ma
rathi, oriya, panjabi, tamil, telugu, indonesian, interlingua, irish, italian, 
kurmanji, latin, latvian, lithuanian, mongolian, mongolianlmc, bokmal, nynorsk,
 polish, portuguese, romanian, romansh, russian, sanskrit, serbian, serbianc, s
lovak, slovenian, spanish, swedish, turkish, turkmen, ukrainian, uppersorbian, 
welsh, loaded.
(/usr/local/texlive/2012/texmf-dist/tex/latex/base/report.cls
Document Class: report 2007/10/19 v1.4h Standard LaTeX document class
(/usr/local/texlive/2012/texmf-dist/tex/latex/base/size12.clo
File: size12.clo 2007/10/19 v1.4h Standard LaTeX file (size option)
)
\c@part=\count79
\c@chapter=\count80
\c@section=\count81
\c@subsection=\count82
\c@subsubsection=\count83
\c@paragraph=\count84
\c@subparagraph=\count85
\c@figure=\count86
\c@table=\count87
\abovecaptionskip=\skip41
\belowcaptionskip=\skip42
\bibindent=\dimen102
)
(/usr/local/texlive/2012/texmf-dist/tex/latex/textcase/textcase.sty
Package: textcase 2004/10/07 v0.07 Text only upper/lower case changing (DPC)
)
(/usr/local/texlive/2012/texmf-dist/tex/latex/base/inputenc.sty
Package: inputenc 2008/03/30 v1.1d Input encoding file
\inpenc@prehook=\toks14
\inpenc@posthook=\toks15

(/usr/local/texlive/2012/texmf-dist/tex/latex/base/utf8.def
File: utf8.def 2008/04/05 v1.1m UTF-8 support for inputenc
Now handling font encoding OML ...
... no UTF-8 mapping file for font encoding OML
Now handling font encoding T1 ...
... processing UTF-8 mapping file for font encoding T1

(/usr/local/texlive/2012/texmf-dist/tex/latex/base/t1enc.dfu
File: t1enc.dfu 2008/04/05 v1.1m UTF-8 support for inputenc
   defining Unicode char U+00A1 (decimal 161)
   defining Unicode char U+00A3 (decimal 163)
   defining Unicode char U+00AB (decimal 171)
   defining Unicode char U+00BB (decimal 187)
   defining Unicode char U+00BF (decimal 191)
   defining Unicode char U+00C0 (decimal 192)
   defining Unicode char U+00C1 (decimal 193)
   defining Unicode char U+00C2 (decimal 194)
   defining Unicode char U+00C3 (decimal 195)
   defining Unicode char U+00C4 (decimal 196)
   defining Unicode char U+00C5 (decimal 197)
   defining Unicode char U+00C6 (decimal 198)
   defining Unicode char U+00C7 (decimal 199)
   defining Unicode char U+00C8 (decimal 200)
   defining Unicode char U+00C9 (decimal 201)
   defining Unicode char U+00CA (decimal 202)
   defining Unicode char U+00CB (decimal 203)
   defining Unicode char U+00CC (decimal 204)
   defining Unicode char U+00CD (decimal 205)
   defining Unicode char U+00CE (decimal 206)
   defining Unicode char U+00CF (decimal 207)
   defining Unicode char U+00D0 (decimal 208)
   defining Unicode char U+00D1 (decimal 209)
   defining Unicode char U+00D2 (decimal 210)
   defining Unicode char U+00D3 (decimal 211)
   defining Unicode char U+00D4 (decimal 212)
   defining Unicode char U+00D5 (decimal 213)
   defining Unicode char U+00D6 (decimal 214)
   defining Unicode char U+00D8 (decimal 216)
   defining Unicode char U+00D9 (decimal 217)
   defining Unicode char U+00DA (decimal 218)
   defining Unicode char U+00DB (decimal 219)
   defining Unicode char U+00DC (decimal 220)
   defining Unicode char U+00DD (decimal 221)
   defining Unicode char U+00DE (decimal 222)
   defining Unicode char U+00DF (decimal 223)
   defining Unicode char U+00E0 (decimal 224)
   defining Unicode char U+00E1 (decimal 225)
   defining Unicode char U+00E2 (decimal 226)
   defining Unicode char U+00E3 (decimal 227)
   defining Unicode char U+00E4 (decimal 228)
   defining Unicode char U+00E5 (decimal 229)
   defining Unicode char U+00E6 (decimal 230)
   defining Unicode char U+00E7 (decimal 231)
   defining Unicode char U+00E8 (decimal 232)
   defining Unicode char U+00E9 (decimal 233)
   defining Unicode char U+00EA (decimal 234)
   defining Unicode char U+00EB (decimal 235)
   defining Unicode char U+00EC (decimal 236)
   defining Unicode char U+00ED (decimal 237)
   defining Unicode char U+00EE (decimal 238)
   defining Unicode char U+00EF (decimal 239)
   defining Unicode char U+00F0 (decimal 240)
   defining Unicode char U+00F1 (decimal 241)
   defining Unicode char U+00F2 (decimal 242)
   defining Unicode char U+00F3 (decimal 243)
   defining Unicode char U+00F4 (decimal 244)
   defining Unicode char U+00F5 (decimal 245)
   defining Unicode char U+00F6 (decimal 246)
   defining Unicode char U+00F8 (decimal 248)
   defining Unicode char U+00F9 (decimal 249)
   defining Unicode char U+00FA (decimal 250)
   defining Unicode char U+00FB (decimal 251)
   defining Unicode char U+00FC (decimal 252)
   defining Unicode char U+00FD (decimal 253)
   defining Unicode char U+00FE (decimal 254)
   defining Unicode char U+00FF (decimal 255)
   defining Unicode char U+0102 (decimal 258)
   defining Unicode char U+0103 (decimal 259)
   defining Unicode char U+0104 (decimal 260)
   defining Unicode char U+0105 (decimal 261)
   defining Unicode char U+0106 (decimal 262)
   defining Unicode char U+0107 (decimal 263)
   defining Unicode char U+010C (decimal 268)
   defining Unicode char U+010D (decimal 269)
   defining Unicode char U+010E (decimal 270)
   defining Unicode char U+010F (decimal 271)
   defining Unicode char U+0110 (decimal 272)
   defining Unicode char U+0111 (decimal 273)
   defining Unicode char U+0118 (decimal 280)
   defining Unicode char U+0119 (decimal 281)
   defining Unicode char U+011A (decimal 282)
   defining Unicode char U+011B (decimal 283)
   defining Unicode char U+011E (decimal 286)
   defining Unicode char U+011F (decimal 287)
   defining Unicode char U+0130 (decimal 304)
   defining Unicode char U+0131 (decimal 305)
   defining Unicode char U+0132 (decimal 306)
   defining Unicode char U+0133 (decimal 307)
   defining Unicode char U+0139 (decimal 313)
   defining Unicode char U+013A (decimal 314)
   defining Unicode char U+013D (decimal 317)
   defining Unicode char U+013E (decimal 318)
   defining Unicode char U+0141 (decimal 321)
   defining Unicode char U+0142 (decimal 322)
   defining Unicode char U+0143 (decimal 323)
   defining Unicode char U+0144 (decimal 324)
   defining Unicode char U+0147 (decimal 327)
   defining Unicode char U+0148 (decimal 328)
   defining Unicode char U+014A (decimal 330)
   defining Unicode char U+014B (decimal 331)
   defining Unicode char U+0150 (decimal 336)
   defining Unicode char U+0151 (decimal 337)
   defining Unicode char U+0152 (decimal 338)
   defining Unicode char U+0153 (decimal 339)
   defining Unicode char U+0154 (decimal 340)
   defining Unicode char U+0155 (decimal 341)
   defining Unicode char U+0158 (decimal 344)
   defining Unicode char U+0159 (decimal 345)
   defining Unicode char U+015A (decimal 346)
   defining Unicode char U+015B (decimal 347)
   defining Unicode char U+015E (decimal 350)
   defining Unicode char U+015F (decimal 351)
   defining Unicode char U+0160 (decimal 352)
   defining Unicode char U+0161 (decimal 353)
   defining Unicode char U+0162 (decimal 354)
   defining Unicode char U+0163 (decimal 355)
   defining Unicode char U+0164 (decimal 356)
   defining Unicode char U+0165 (decimal 357)
   defining Unicode char U+016E (decimal 366)
   defining Unicode char U+016F (decimal 367)
   defining Unicode char U+0170 (decimal 368)
   defining Unicode char U+0171 (decimal 369)
   defining Unicode char U+0178 (decimal 376)
   defining Unicode char U+0179 (decimal 377)
   defining Unicode char U+017A (decimal 378)
   defining Unicode char U+017B (decimal 379)
   defining Unicode char U+017C (decimal 380)
   defining Unicode char U+017D (decimal 381)
   defining Unicode char U+017E (decimal 382)
   defining Unicode char U+200C (decimal 8204)
   defining Unicode char U+2013 (decimal 8211)
   defining Unicode char U+2014 (decimal 8212)
   defining Unicode char U+2018 (decimal 8216)
   defining Unicode char U+2019 (decimal 8217)
   defining Unicode char U+201A (decimal 8218)
   defining Unicode char U+201C (decimal 8220)
   defining Unicode char U+201D (decimal 8221)
   defining Unicode char U+201E (decimal 8222)
   defining Unicode char U+2030 (decimal 8240)
   defining Unicode char U+2031 (decimal 8241)
   defining Unicode char U+2039 (decimal 8249)
   defining Unicode char U+203A (decimal 8250)
   defining Unicode char U+2423 (decimal 9251)
)
Now handling font encoding OT1 ...
... processing UTF-8 mapping file for font encoding OT1

(/usr/local/texlive/2012/texmf-dist/tex/latex/base/ot1enc.dfu
File: ot1enc.dfu 2008/04/05 v1.1m UTF-8 support for inputenc
   defining Unicode char U+00A1 (decimal 161)
   defining Unicode char U+00A3 (decimal 163)
   defining Unicode char U+00B8 (decimal 184)
   defining Unicode char U+00BF (decimal 191)
   defining Unicode char U+00C5 (decimal 197)
   defining Unicode char U+00C6 (decimal 198)
   defining Unicode char U+00D8 (decimal 216)
   defining Unicode char U+00DF (decimal 223)
   defining Unicode char U+00E6 (decimal 230)
   defining Unicode char U+00EC (decimal 236)
   defining Unicode char U+00ED (decimal 237)
   defining Unicode char U+00EE (decimal 238)
   defining Unicode char U+00EF (decimal 239)
   defining Unicode char U+00F8 (decimal 248)
   defining Unicode char U+0131 (decimal 305)
   defining Unicode char U+0141 (decimal 321)
   defining Unicode char U+0142 (decimal 322)
   defining Unicode char U+0152 (decimal 338)
   defining Unicode char U+0153 (decimal 339)
   defining Unicode char U+2013 (decimal 8211)
   defining Unicode char U+2014 (decimal 8212)
   defining Unicode char U+2018 (decimal 8216)
   defining Unicode char U+2019 (decimal 8217)
   defining Unicode char U+201C (decimal 8220)
   defining Unicode char U+201D (decimal 8221)
)
Now handling font encoding OMS ...
... processing UTF-8 mapping file for font encoding OMS

(/usr/local/texlive/2012/texmf-dist/tex/latex/base/omsenc.dfu
File: omsenc.dfu 2008/04/05 v1.1m UTF-8 support for inputenc
   defining Unicode char U+00A7 (decimal 167)
   defining Unicode char U+00B6 (decimal 182)
   defining Unicode char U+00B7 (decimal 183)
   defining Unicode char U+2020 (decimal 8224)
   defining Unicode char U+2021 (decimal 8225)
   defining Unicode char U+2022 (decimal 8226)
)
Now handling font encoding OMX ...
... no UTF-8 mapping file for font encoding OMX
Now handling font encoding U ...
... no UTF-8 mapping file for font encoding U
   defining Unicode char U+00A9 (decimal 169)
   defining Unicode char U+00AA (decimal 170)
   defining Unicode char U+00AE (decimal 174)
   defining Unicode char U+00BA (decimal 186)
   defining Unicode char U+02C6 (decimal 710)
   defining Unicode char U+02DC (decimal 732)
   defining Unicode char U+200C (decimal 8204)
   defining Unicode char U+2026 (decimal 8230)
   defining Unicode char U+2122 (decimal 8482)
   defining Unicode char U+2423 (decimal 9251)
))
(/usr/local/texlive/2012/texmf-dist/tex/latex/graphics/graphicx.sty
Package: graphicx 1999/02/16 v1.0f Enhanced LaTeX Graphics (DPC,SPQR)

(/usr/local/texlive/2012/texmf-dist/tex/latex/graphics/keyval.sty
Package: keyval 1999/03/16 v1.13 key=value parser (DPC)
\KV@toks@=\toks16
)
(/usr/local/texlive/2012/texmf-dist/tex/latex/graphics/graphics.sty
Package: graphics 2009/02/05 v1.0o Standard LaTeX Graphics (DPC,SPQR)

(/usr/local/texlive/2012/texmf-dist/tex/latex/graphics/trig.sty
Package: trig 1999/03/16 v1.09 sin cos tan (DPC)
)
(/usr/local/texlive/2012/texmf-dist/tex/latex/latexconfig/graphics.cfg
File: graphics.cfg 2010/04/23 v1.9 graphics configuration of TeX Live
)
Package graphics Info: Driver file: pdftex.def on input line 91.

(/usr/local/texlive/2012/texmf-dist/tex/latex/pdftex-def/pdftex.def
File: pdftex.def 2011/05/27 v0.06d Graphics/color for pdfTeX

(/usr/local/texlive/2012/texmf-dist/tex/generic/oberdiek/infwarerr.sty
Package: infwarerr 2010/04/08 v1.3 Providing info/warning/error messages (HO)
)
(/usr/local/texlive/2012/texmf-dist/tex/generic/oberdiek/ltxcmds.sty
Package: ltxcmds 2011/11/09 v1.22 LaTeX kernel commands for general use (HO)
)
\Gread@gobject=\count88
))
\Gin@req@height=\dimen103
\Gin@req@width=\dimen104
)
(/usr/local/texlive/2012/texmf-dist/tex/latex/float/float.sty
Package: float 2001/11/08 v1.3d Float enhancements (AL)
\c@float@type=\count89
\float@exts=\toks17
\float@box=\box26
\@float@everytoks=\toks18
\@floatcapt=\box27
)
(/usr/local/texlive/2012/texmf-dist/tex/latex/listings/listings.sty
\lst@mode=\count90
\lst@gtempboxa=\box28
\lst@token=\toks19
\lst@length=\count91
\lst@currlwidth=\dimen105
\lst@column=\count92
\lst@pos=\count93
\lst@lostspace=\dimen106
\lst@width=\dimen107
\lst@newlines=\count94
\lst@lineno=\count95
\lst@maxwidth=\dimen108

(/usr/local/texlive/2012/texmf-dist/tex/latex/listings/lstmisc.sty
File: lstmisc.sty 2007/02/22 1.4 (Carsten Heinz)
\c@lstnumber=\count96
\lst@skipnumbers=\count97
\lst@framebox=\box29
)
(/usr/local/texlive/2012/texmf-dist/tex/latex/listings/listings.cfg
File: listings.cfg 2007/02/22 1.4 listings configuration
))
Package: listings 2007/02/22 1.4 (Carsten Heinz)

(/usr/local/texlive/2012/texmf-dist/tex/latex/psnfss/helvet.sty
Package: helvet 2005/04/12 PSNFSS-v9.2a (WaS) 
)
(/usr/local/texlive/2012/texmf-dist/tex/latex/preprint/fullpage.sty
Package: fullpage 1999/02/23 1.1 (PWD)
\FP@margin=\skip43
)
(/usr/local/texlive/2012/texmf-dist/tex/latex/setspace/setspace.sty
Package: setspace 2011/12/19 v6.7a set line spacing
)
(./thesis.aux)
\openout1 = `thesis.aux'.

LaTeX Font Info:    Checking defaults for OML/cmm/m/it on input line 64.
LaTeX Font Info:    ... okay on input line 64.
LaTeX Font Info:    Checking defaults for T1/cmr/m/n on input line 64.
LaTeX Font Info:    ... okay on input line 64.
LaTeX Font Info:    Checking defaults for OT1/cmr/m/n on input line 64.
LaTeX Font Info:    ... okay on input line 64.
LaTeX Font Info:    Checking defaults for OMS/cmsy/m/n on input line 64.
LaTeX Font Info:    ... okay on input line 64.
LaTeX Font Info:    Checking defaults for OMX/cmex/m/n on input line 64.
LaTeX Font Info:    ... okay on input line 64.
LaTeX Font Info:    Checking defaults for U/cmr/m/n on input line 64.
LaTeX Font Info:    ... okay on input line 64.
LaTeX Font Info:    Try loading font information for OT1+phv on input line 64.
 (/usr/local/texlive/2012/texmf-dist/tex/latex/psnfss/ot1phv.fd
File: ot1phv.fd 2001/06/04 scalable font definitions for OT1/phv.
)
(/usr/local/texlive/2012/texmf-dist/tex/context/base/supp-pdf.mkii
[Loading MPS to PDF converter (version 2006.09.02).]
\scratchcounter=\count98
\scratchdimen=\dimen109
\scratchbox=\box30
\nofMPsegments=\count99
\nofMParguments=\count100
\everyMPshowfont=\toks20
\MPscratchCnt=\count101
\MPscratchDim=\dimen110
\MPnumerator=\count102
\makeMPintoPDFobject=\count103
\everyMPtoPDFconversion=\toks21
) (/usr/local/texlive/2012/texmf-dist/tex/generic/oberdiek/pdftexcmds.sty
Package: pdftexcmds 2011/11/29 v0.20 Utility functions of pdfTeX for LuaTeX (HO
)

(/usr/local/texlive/2012/texmf-dist/tex/generic/oberdiek/ifluatex.sty
Package: ifluatex 2010/03/01 v1.3 Provides the ifluatex switch (HO)
Package ifluatex Info: LuaTeX not detected.
)
(/usr/local/texlive/2012/texmf-dist/tex/generic/oberdiek/ifpdf.sty
Package: ifpdf 2011/01/30 v2.3 Provides the ifpdf switch (HO)
Package ifpdf Info: pdfTeX in PDF mode is detected.
)
Package pdftexcmds Info: LuaTeX not detected.
Package pdftexcmds Info: \pdf@primitive is available.
Package pdftexcmds Info: \pdf@ifprimitive is available.
Package pdftexcmds Info: \pdfdraftmode found.
)
(/usr/local/texlive/2012/texmf-dist/tex/latex/oberdiek/epstopdf-base.sty
Package: epstopdf-base 2010/02/09 v2.5 Base part for package epstopdf

(/usr/local/texlive/2012/texmf-dist/tex/latex/oberdiek/grfext.sty
Package: grfext 2010/08/19 v1.1 Manage graphics extensions (HO)

(/usr/local/texlive/2012/texmf-dist/tex/generic/oberdiek/kvdefinekeys.sty
Package: kvdefinekeys 2011/04/07 v1.3 Define keys (HO)
))
(/usr/local/texlive/2012/texmf-dist/tex/latex/oberdiek/kvoptions.sty
Package: kvoptions 2011/06/30 v3.11 Key value format for package options (HO)

(/usr/local/texlive/2012/texmf-dist/tex/generic/oberdiek/kvsetkeys.sty
Package: kvsetkeys 2012/04/25 v1.16 Key value parser (HO)

(/usr/local/texlive/2012/texmf-dist/tex/generic/oberdiek/etexcmds.sty
Package: etexcmds 2011/02/16 v1.5 Avoid name clashes with e-TeX commands (HO)
Package etexcmds Info: Could not find \expanded.
(etexcmds)             That can mean that you are not using pdfTeX 1.50 or
(etexcmds)             that some package has redefined \expanded.
(etexcmds)             In the latter case, load this package earlier.
)))
Package grfext Info: Graphics extension search list:
(grfext)             [.png,.pdf,.jpg,.mps,.jpeg,.jbig2,.jb2,.PNG,.PDF,.JPG,.JPE
G,.JBIG2,.JB2,.eps]
(grfext)             \AppendGraphicsExtensions on input line 452.

(/usr/local/texlive/2012/texmf-dist/tex/latex/latexconfig/epstopdf-sys.cfg
File: epstopdf-sys.cfg 2010/07/13 v1.3 Configuration of (r)epstopdf for TeX Liv
e
))
\c@lstlisting=\count104

[1

{/usr/local/texlive/2012/texmf-var/fonts/map/pdftex/updmap/pdftex.map}]
[2]
LaTeX Font Info:    Font shape `OT1/phv/bx/n' in size <12> not available
(Font)              Font shape `OT1/phv/b/n' tried instead on input line 129.
LaTeX Font Info:    External font `cmex10' loaded for size
(Font)              <12> on input line 134.
LaTeX Font Info:    External font `cmex10' loaded for size
(Font)              <8> on input line 134.
LaTeX Font Info:    External font `cmex10' loaded for size
(Font)              <6> on input line 134.

Overfull \hbox (6.89145pt too wide) in paragraph at lines 134--141
[]  
 []

[3]
LaTeX Font Info:    Font shape `OT1/phv/m/it' in size <12> not available
(Font)              Font shape `OT1/phv/m/sl' tried instead on input line 152.
 [4] [5]
LaTeX Font Info:    Font shape `OT1/phv/bx/n' in size <24.88> not available
(Font)              Font shape `OT1/phv/b/n' tried instead on input line 180.
 (./thesis.toc [6

] [7])
\tf@toc=\write3
\openout3 = `thesis.toc'.

 [8] (./thesis.lof [9

])
\tf@lof=\write4
\openout4 = `thesis.lof'.

 [10] [11]
Chapter 1.
LaTeX Font Info:    Try loading font information for OMS+phv on input line 199.

(/usr/local/texlive/2012/texmf-dist/tex/latex/psnfss/omsphv.fd
File: omsphv.fd 
)
LaTeX Font Info:    Font shape `OMS/phv/m/n' in size <12> not available
(Font)              Font shape `OMS/cmsy/m/n' tried instead on input line 199.
 [1

]
<figures/images/osi_model.png, id=44, 405.515pt x 468.75125pt>
File: figures/images/osi_model.png Graphic file (type png)

<use figures/images/osi_model.png>
Package pdftex.def Info: figures/images/osi_model.png used on input line 219.
(pdftex.def)             Requested size: 256.0748pt x 296.0158pt.
 [2] [3 <./figures/images/osi_model.png>]
<figures/images/HTTP_request_cycles.jpg, id=54, 626.34pt x 493.845pt>
File: figures/images/HTTP_request_cycles.jpg Graphic file (type jpg)

<use figures/images/HTTP_request_cycles.jpg>
Package pdftex.def Info: figures/images/HTTP_request_cycles.jpg used on input l
ine 241.
(pdftex.def)             Requested size: 412.56496pt x 325.29819pt.
 [4] [5 <./figures/images/HTTP_request_cycles.jpg>]
Chapter 2.
LaTeX Font Info:    Font shape `OT1/phv/bx/n' in size <17.28> not available
(Font)              Font shape `OT1/phv/b/n' tried instead on input line 254.
<figures/images/git_logo.png, id=61, 281.05pt x 150.5625pt>
File: figures/images/git_logo.png Graphic file (type png)

<use figures/images/git_logo.png>
Package pdftex.def Info: figures/images/git_logo.png used on input line 256.
(pdftex.def)             Requested size: 85.35826pt x 45.72736pt.

<figures/images/php_logo.png, id=62, 95.35625pt x 51.19125pt>
File: figures/images/php_logo.png Graphic file (type png)

<use figures/images/php_logo.png>
Package pdftex.def Info: figures/images/php_logo.png used on input line 265.
(pdftex.def)             Requested size: 85.35826pt x 45.82564pt.
 [6

 <./figures/images/git_logo.png>]
<figures/images/php_documentor_logo.png, id=67, 250.9375pt x 150.5625pt>
File: figures/images/php_documentor_logo.png Graphic file (type png)

<use figures/images/php_documentor_logo.png>
Package pdftex.def Info: figures/images/php_documentor_logo.png used on input l
ine 275.
(pdftex.def)             Requested size: 85.35826pt x 51.21584pt.

<figures/images/apache_logo.png, id=68, 351.3125pt x 185.69376pt>
File: figures/images/apache_logo.png Graphic file (type png)

<use figures/images/apache_logo.png>
Package pdftex.def Info: figures/images/apache_logo.png used on input line 283.

(pdftex.def)             Requested size: 85.35826pt x 45.1171pt.
 [7 <./figures/images/php_logo.png> <./figures/images/php_documentor_logo.png>]

<figures/images/firefox_logo.png, id=74, 225.84375pt x 225.84375pt>
File: figures/images/firefox_logo.png Graphic file (type png)

<use figures/images/firefox_logo.png>
Package pdftex.def Info: figures/images/firefox_logo.png used on input line 295
.
(pdftex.def)             Requested size: 85.35826pt x 85.35973pt.
 [8 <./figures/images/apache_logo.png (PNG copy)> <./figures/images/firefox_log
o.png>]
<figures/images/ci_logo.jpg, id=80, 150.5625pt x 164.615pt>
File: figures/images/ci_logo.jpg Graphic file (type jpg)

<use figures/images/ci_logo.jpg>
Package pdftex.def Info: figures/images/ci_logo.jpg used on input line 303.
(pdftex.def)             Requested size: 85.35826pt x 93.32915pt.

<figures/images/selenium_logo.png, id=81, 166.13792pt x 150.35483pt>
File: figures/images/selenium_logo.png Graphic file (type png)

<use figures/images/selenium_logo.png>
Package pdftex.def Info: figures/images/selenium_logo.png used on input line 31
0.
(pdftex.def)             Requested size: 85.35826pt x 77.2512pt.
 [9 <./figures/images/ci_logo.jpg> <./figures/images/selenium_logo.png>] [10]
Chapter 3.
[11

] <figures/images/sample_app.jpg, id=92, 1178.4025pt x 629.35126pt>
File: figures/images/sample_app.jpg Graphic file (type jpg)

<use figures/images/sample_app.jpg>
Package pdftex.def Info: figures/images/sample_app.jpg used on input line 367.
(pdftex.def)             Requested size: 469.75502pt x 250.88136pt.
 [12 <./figures/images/sample_app.jpg>]
<figures/images/basic_pipeline.jpg, id=96, 1174.3875pt x 624.3325pt>
File: figures/images/basic_pipeline.jpg Graphic file (type jpg)

<use figures/images/basic_pipeline.jpg>
Package pdftex.def Info: figures/images/basic_pipeline.jpg used on input line 3
81.
(pdftex.def)             Requested size: 469.75502pt x 249.72858pt.

Overfull \hbox (6.79999pt too wide) in paragraph at lines 381--382
 [][] 
 []

[13 <./figures/images/basic_pipeline.jpg>]
LaTeX Font Info:    Font shape `OT1/phv/bx/n' in size <14.4> not available
(Font)              Font shape `OT1/phv/b/n' tried instead on input line 388.
 [14] [15]
Chapter 4.

Overfull \hbox (11.92058pt too wide) in paragraph at lines 437--438
\OT1/phv/m/n/12 face pre-existing PHP ap-pli-ca-tion frame-works with Open-Pipe
, or whole new OpenPipe-
 []

[16

]
Overfull \hbox (1.80342pt too wide) in paragraph at lines 443--444
\OT1/phv/m/n/12 work nor-mally pro-vides core web ap-pli-ca-tion com-po-nents s
uch as database li-braries,
 []

<figures/images/framework_stack.pdf, id=111, 445.665pt x 323.2075pt>
File: figures/images/framework_stack.pdf Graphic file (type pdf)

<use figures/images/framework_stack.pdf>
Package pdftex.def Info: figures/images/framework_stack.pdf used on input line 
448.
(pdftex.def)             Requested size: 469.75502pt x 340.67987pt.
 [17 <./figures/images/framework_stack.pdf>]
Overfull \hbox (5.91148pt too wide) in paragraph at lines 460--461
[]\OT1/phv/b/n/12 Vendor Li-braries \OT1/phv/m/n/12 - Open-Pipe makes use of tw
o very pop-u-lar, re-li-able, and lightweight
 []

<figures/images/client_stack.pdf, id=146, 402.50375pt x 189.70876pt>
File: figures/images/client_stack.pdf Graphic file (type pdf)

<use figures/images/client_stack.pdf>
Package pdftex.def Info: figures/images/client_stack.pdf used on input line 470
.
(pdftex.def)             Requested size: 469.75502pt x 221.40544pt.
 [18 <./figures/images/client_stack.pdf>]
Chapter 5.
LaTeX Font Info:    Try loading font information for OML+phv on input line 505.

(/usr/local/texlive/2012/texmf-dist/tex/latex/psnfss/omlphv.fd
File: omlphv.fd 
)
LaTeX Font Info:    Font shape `OML/phv/m/n' in size <12> not available
(Font)              Font shape `OML/cmm/m/it' tried instead on input line 505.
 [19

]
<figures/images/root_pipelet.pdf, id=185, 564.1075pt x 725.71124pt>
File: figures/images/root_pipelet.pdf Graphic file (type pdf)

<use figures/images/root_pipelet.pdf>
Package pdftex.def Info: figures/images/root_pipelet.pdf used on input line 530
.
(pdftex.def)             Requested size: 469.75502pt x 604.3334pt.
 [20]
Overfull \vbox (11.07336pt too high) has occurred while \output is active []


[21 <./figures/images/root_pipelet.pdf>]
<figures/images/nested_pipelets.pdf, id=206, 681.54625pt x 698.61pt>
File: figures/images/nested_pipelets.pdf Graphic file (type pdf)

<use figures/images/nested_pipelets.pdf>
Package pdftex.def Info: figures/images/nested_pipelets.pdf used on input line 
543.
(pdftex.def)             Requested size: 469.75502pt x 481.51909pt.
 [22] [23 <./figures/images/nested_pipelets.pdf>] [24]
Chapter 6.
<figures/images/generalization_output.pdf, id=241, 491.8375pt x 353.32pt>
File: figures/images/generalization_output.pdf Graphic file (type pdf)

<use figures/images/generalization_output.pdf>
Package pdftex.def Info: figures/images/generalization_output.pdf used on input
 line 587.
(pdftex.def)             Requested size: 469.75502pt x 337.46893pt.
 [25

] [26 <./figures/images/generalization_output.pdf>] [27]
<figures/images/generalization_adapters.pdf, id=287, 503.8825pt x 444.66125pt>
File: figures/images/generalization_adapters.pdf Graphic file (type pdf)

<use figures/images/generalization_adapters.pdf>
Package pdftex.def Info: figures/images/generalization_adapters.pdf used on inp
ut line 617.
(pdftex.def)             Requested size: 469.75502pt x 414.54843pt.
 [28 <./figures/images/generalization_adapters.pdf>] [29]
Chapter 7.
<figures/images/strategy_runner.pdf, id=333, 773.89125pt x 446.66875pt>
File: figures/images/strategy_runner.pdf Graphic file (type pdf)

<use figures/images/strategy_runner.pdf>
Package pdftex.def Info: figures/images/strategy_runner.pdf used on input line 
646.
(pdftex.def)             Requested size: 469.75502pt x 271.13167pt.
 [30

] [31 <./figures/images/strategy_runner.pdf>]
<figures/images/factory_pipelets.pdf, id=388, 483.8075pt x 124.465pt>
File: figures/images/factory_pipelets.pdf Graphic file (type pdf)

<use figures/images/factory_pipelets.pdf>
Package pdftex.def Info: figures/images/factory_pipelets.pdf used on input line
 670.
(pdftex.def)             Requested size: 469.75502pt x 120.85434pt.
 [32 <./figures/images/factory_pipelets.pdf>]
Chapter 8.

Overfull \hbox (4.56085pt too wide) in paragraph at lines 692--693
[]\OT1/phv/m/n/12 Once the Open-Pipe[]Runner class has re-ceived in-for-ma-tion
 from the Open-Pipe[]Adapter
 []

[33

] <figures/images/openpipe_runner.png, id=427, 679.53876pt x 660.4675pt>
File: figures/images/openpipe_runner.png Graphic file (type png)

<use figures/images/openpipe_runner.png>
Package pdftex.def Info: figures/images/openpipe_runner.png used on input line 
703.
(pdftex.def)             Requested size: 469.75502pt x 456.56961pt.
 [34] [35 <./figures/images/openpipe_runner.png>]
<figures/images/openpipe_clientoutput.png, id=434, 324.21124pt x 584.1825pt>
File: figures/images/openpipe_clientoutput.png Graphic file (type png)

<use figures/images/openpipe_clientoutput.png>
Package pdftex.def Info: figures/images/openpipe_clientoutput.png used on input
 line 726.
(pdftex.def)             Requested size: 227.62204pt x 410.14615pt.
 [36] [37 <./figures/images/openpipe_clientoutput.png>] [38]
Chapter 9.

<figures/images/client_segment_data_object.pdf, id=445, 436.63126pt x 194.7275p
t>
File: figures/images/client_segment_data_object.pdf Graphic file (type pdf)
 <use figures/images/client_segment_data_object.pdf>
Package pdftex.def Info: figures/images/client_segment_data_object.pdf used on 
input line 786.
(pdftex.def)             Requested size: 469.75502pt x 209.50029pt.
 [39

] [40 <./figures/images/client_segment_data_object.pdf>]
Chapter 10.
[41

] [42] [43]
Chapter 11.
[44

]
Overfull \vbox (75.13992pt too high) has occurred while \output is active []


[45]
Overfull \hbox (68.59904pt too wide) in paragraph at lines 916--917
\OT1/phv/m/n/12 for-mance tim-ing in-for-ma-tion can be found in the DOM javasc
ript el-e-ment, ' win-dow.performance.timing'.
 []

<figures/images/timing_overview.png, id=495, 709.6914pt x 423.5022pt>
File: figures/images/timing_overview.png Graphic file (type png)

<use figures/images/timing_overview.png>
Package pdftex.def Info: figures/images/timing_overview.png used on input line 
954.
(pdftex.def)             Requested size: 426.79134pt x 254.67839pt.
 [46] [47 <./figures/images/timing_overview.png>] [48]
Chapter 12.
[49

]
LaTeX Font Info:    External font `cmex10' loaded for size
(Font)              <10.95> on input line 991.
LaTeX Font Info:    Font shape `OT1/phv/bx/n' in size <10.95> not available
(Font)              Font shape `OT1/phv/b/n' tried instead on input line 992.
LaTeX Font Info:    Font shape `OT1/phv/m/it' in size <10.95> not available
(Font)              Font shape `OT1/phv/m/sl' tried instead on input line 995.

Overfull \hbox (1.4714pt too wide) in paragraph at lines 991--1015
[][] 
 []

[50]
<figures/images/analysis_chart_plain.png, id=513, 853.2678pt x 521.3076pt>
File: figures/images/analysis_chart_plain.png Graphic file (type png)

<use figures/images/analysis_chart_plain.png>
Package pdftex.def Info: figures/images/analysis_chart_plain.png used on input 
line 1022.
(pdftex.def)             Requested size: 469.75502pt x 286.99847pt.

<figures/images/analysis_chart_database.png, id=514, 842.1864pt x 517.4532pt>
File: figures/images/analysis_chart_database.png Graphic file (type png)

<use figures/images/analysis_chart_database.png>
Package pdftex.def Info: figures/images/analysis_chart_database.png used on inp
ut line 1029.
(pdftex.def)             Requested size: 469.75502pt x 288.63483pt.
 [51 <./figures/images/analysis_chart_plain.png>]
<figures/images/analysis_chart_webservice.png, id=520, 860.9766pt x 520.344pt>
File: figures/images/analysis_chart_webservice.png Graphic file (type png)

<use figures/images/analysis_chart_webservice.png>
Package pdftex.def Info: figures/images/analysis_chart_webservice.png used on i
nput line 1037.
(pdftex.def)             Requested size: 469.75502pt x 283.90341pt.
 [52 <./figures/images/analysis_chart_database.png>] [53 <./figures/images/anal
ysis_chart_webservice.png>]
Chapter 13.
[54

] [55] [56]
Chapter 14.
(/usr/local/texlive/2012/texmf-dist/tex/latex/listings/lstlang1.sty
File: lstlang1.sty 2004/09/05 1.3 listings language file
)
(/usr/local/texlive/2012/texmf-dist/tex/latex/listings/lstlang2.sty
File: lstlang2.sty 2004/09/05 1.3 listings language file
)
(../../server/php/OpenPipe/Runner.php [57

] [58]
LaTeX Font Info:    Font shape `OT1/cmtt/bx/n' in size <10> not available
(Font)              Font shape `OT1/cmtt/m/n' tried instead on input line 57.
 [59] [60])
(../../server/php/OpenPipe/Pipelet/Interface.php [61] [62] [63])
(../../server/php/OpenPipe/Pipelet/Abstract.php [64] [65] [66])
(../../server/php/OpenPipe/Pipelet/Base.php [67])
(../../server/php/OpenPipe/Pipelet/Factory.php [68] [69])
(../../server/php/OpenPipe/Output/Interface.php [70] [71])
(../../server/php/OpenPipe/Output/Piped.php [72] [73] [74] [75])
(../../server/php/OpenPipe/Output/Standard.php [76] [77] [78] [79] [80]
[81]) (../../server/php/OpenPipe/Output/Util.php [82] [83] [84] [85] [86])
(../../server/php/OpenPipe/Adapter/Interface.php [87])
(../../server/php/OpenPipe/Adapter/Abstract.php [88] [89]) [90]
(../../server/php/OpenPipe/Adapter/Basic.php [91] [92])
(../../server/php/OpenPipe/Adapter/Pvc/CodeIgniter.php [93] [94])
(/usr/local/texlive/2012/texmf-dist/tex/latex/listings/lstlang1.sty
File: lstlang1.sty 2004/09/05 1.3 listings language file
)
(../../client/js/openpipe.js [95] [96] [97] [98] [99] [100]) [101]
Underfull \hbox (badness 1824) in paragraph at lines 1126--1128
\OT1/phv/m/n/12 Avail-able: http://www.facebook.com/notes/facebook-engineering/
bigpipe-pipelining-
 []


Underfull \hbox (badness 10000) in paragraph at lines 1134--1136
[]\OT1/phv/m/n/12 "Optimizing Page Load Time", Aaron Hop-kins [On-line] Avail-a
ble:
 []


Underfull \hbox (badness 10000) in paragraph at lines 1138--1140
[]\OT1/phv/m/n/12 "What is HTTP pipelin-ing", Darin Fisher [On-line] Avail-able
:
 []


Underfull \hbox (badness 10000) in paragraph at lines 1138--1140
\OT1/phv/m/n/12 http://www.mozilla.org/projects/netlib/http/pipelining-faq.html
 [Re-trieved De-cem-
 []


Underfull \hbox (badness 10000) in paragraph at lines 1142--1144
[]\OT1/phv/m/n/12 "Navigation Tim-ing", Ed-i-tor's Draft July 16th, 2012 [On-li
ne] Avail-able:
 []


Underfull \hbox (badness 10000) in paragraph at lines 1158--1160
[]\OT1/phv/m/n/12 "March 2012 Web Server Sur-vey" [On-line] Avail-able:
 []

[102

] [103] (./thesis.aux) ) 
Here is how much of TeX's memory you used:
 5919 strings out of 493488
 92480 string characters out of 3141326
 534220 words of memory out of 3000000
 9076 multiletter control sequences out of 15000+200000
 28592 words of font info for 54 fonts, out of 3000000 for 9000
 957 hyphenation exceptions out of 8191
 38i,7n,43p,1258b,3542s stack positions out of 5000i,500n,10000p,200000b,50000s
{/usr/local/texlive/2012/texmf-dist/fonts/enc/dvips/bas
e/8r.enc}</usr/local/texlive/2012/texmf-dist/fonts/type1/public/amsfonts/cm/cmi
tt10.pfb></usr/local/texlive/2012/texmf-dist/fonts/type1/public/amsfonts/cm/cmm
i12.pfb></usr/local/texlive/2012/texmf-dist/fonts/type1/public/amsfonts/cm/cmsl
tt10.pfb></usr/local/texlive/2012/texmf-dist/fonts/type1/public/amsfonts/cm/cms
y10.pfb></usr/local/texlive/2012/texmf-dist/fonts/type1/public/amsfonts/cm/cmtt
10.pfb></usr/local/texlive/2012/texmf-dist/fonts/type1/urw/helvetic/uhvb8a.pfb>
</usr/local/texlive/2012/texmf-dist/fonts/type1/urw/helvetic/uhvr8a.pfb></usr/l
ocal/texlive/2012/texmf-dist/fonts/type1/urw/helvetic/uhvro8a.pfb>
Output written on thesis.pdf (114 pages, 1748160 bytes).
PDF statistics:
 722 PDF objects out of 1000 (max. 8388607)
 456 compressed objects within 5 object streams
 0 named destinations out of 1000 (max. 500000)
 131 words of extra memory for PDF output out of 10000 (max. 10000000)

